This is pdfTeX, Version 3.14159265-2.6-1.40.16 (TeX Live 2015/Debian) (preloaded format=latex 2016.9.18)  22 SEP 2016 09:45
entering extended mode
 restricted \write18 enabled.
 %&-line parsing enabled.
**full.tex
(./full.tex
LaTeX2e <2016/02/01>
Babel <3.9q> and hyphenation patterns for 3 language(s) loaded.
(/usr/share/texlive/texmf-dist/tex/latex/base/article.cls
Document Class: article 2014/09/29 v1.4h Standard LaTeX document class
(/usr/share/texlive/texmf-dist/tex/latex/base/size10.clo
File: size10.clo 2014/09/29 v1.4h Standard LaTeX file (size option)
)
\c@part=\count79
\c@section=\count80
\c@subsection=\count81
\c@subsubsection=\count82
\c@paragraph=\count83
\c@subparagraph=\count84
\c@figure=\count85
\c@table=\count86
\abovecaptionskip=\skip41
\belowcaptionskip=\skip42
\bibindent=\dimen102
) (./aaai.sty
Conference Style for AAAI for LaTeX 2e -- version of 1 January 2015
\titlebox=\skip43
) (./times.sty
Package: times 2005/04/12 PSNFSS-v9.2a (SPQR) 
) (./helvet.sty
Package: helvet 2005/04/12 PSNFSS-v9.2a (WaS) 
 (./keyval.sty
Package: keyval 2014/10/28 v1.15 key=value parser (DPC)
\KV@toks@=\toks14
)) (./courier.sty
Package: courier 2005/04/12 PSNFSS-v9.2a (WaS) 
) (./graphicx.sty
Package: graphicx 2014/10/28 v1.0g Enhanced LaTeX Graphics (DPC,SPQR)

(./graphics.sty
Package: graphics 2016/01/03 v1.0q Standard LaTeX Graphics (DPC,SPQR)
 (./trig.sty
Package: trig 2016/01/03 v1.10 sin cos tan (DPC)
)
(/usr/share/texlive/texmf-dist/tex/latex/latexconfig/graphics.cfg
File: graphics.cfg 2010/04/23 v1.9 graphics configuration of TeX Live
)
Package graphics Info: Driver file: dvipdfmx.def on input line 95.

(/usr/share/texlive/texmf-dist/tex/latex/dvipdfmx-def/dvipdfmx.def
File: dvipdfmx.def 2015/11/04 v4.07 LaTeX color/graphics driver for dvipdfmx (T
eX Live/ChoF)

(/usr/share/texlive/texmf-dist/tex/generic/oberdiek/infwarerr.sty
Package: infwarerr 2010/04/08 v1.3 Providing info/warning/error messages (HO)
)
(/usr/share/texlive/texmf-dist/tex/generic/oberdiek/ltxcmds.sty
Package: ltxcmds 2011/11/09 v1.22 LaTeX kernel commands for general use (HO)
)))
\Gin@req@height=\dimen103
\Gin@req@width=\dimen104
)
(./amsmath.sty
Package: amsmath 2016/03/03 v2.15a AMS math features
\@mathmargin=\skip44

For additional information on amsmath, use the `?' option.
(./amstext.sty
Package: amstext 2000/06/29 v2.01 AMS text
 (./amsgen.sty
File: amsgen.sty 1999/11/30 v2.0 generic functions
\@emptytoks=\toks15
\ex@=\dimen105
)) (./amsbsy.sty
Package: amsbsy 1999/11/29 v1.2d Bold Symbols
\pmbraise@=\dimen106
) (./amsopn.sty
Package: amsopn 1999/12/14 v2.01 operator names
)
\inf@bad=\count87
LaTeX Info: Redefining \frac on input line 199.
\uproot@=\count88
\leftroot@=\count89
LaTeX Info: Redefining \overline on input line 297.
\classnum@=\count90
\DOTSCASE@=\count91
LaTeX Info: Redefining \ldots on input line 394.
LaTeX Info: Redefining \dots on input line 397.
LaTeX Info: Redefining \cdots on input line 518.
\Mathstrutbox@=\box26
\strutbox@=\box27
\big@size=\dimen107
LaTeX Font Info:    Redeclaring font encoding OML on input line 630.
LaTeX Font Info:    Redeclaring font encoding OMS on input line 631.
\macc@depth=\count92
\c@MaxMatrixCols=\count93
\dotsspace@=\muskip10
\c@parentequation=\count94
\dspbrk@lvl=\count95
\tag@help=\toks16
\row@=\count96
\column@=\count97
\maxfields@=\count98
\andhelp@=\toks17
\eqnshift@=\dimen108
\alignsep@=\dimen109
\tagshift@=\dimen110
\tagwidth@=\dimen111
\totwidth@=\dimen112
\lineht@=\dimen113
\@envbody=\toks18
\multlinegap=\skip45
\multlinetaggap=\skip46
\mathdisplay@stack=\toks19
LaTeX Info: Redefining \[ on input line 2735.
LaTeX Info: Redefining \] on input line 2736.
) (./amsfonts.sty
Package: amsfonts 2013/01/14 v3.01 Basic AMSFonts support
\symAMSa=\mathgroup4
\symAMSb=\mathgroup5
LaTeX Font Info:    Overwriting math alphabet `\mathfrak' in version `bold'
(Font)                  U/euf/m/n --> U/euf/b/n on input line 106.
)
pdfTeX warning (\pdfinfo): not allowed in DVI mode (\pdfoutput <= 0); ignoring 
it
(./full.aux

LaTeX Warning: Label `fig:spaths' multiply defined.

)
\openout1 = `full.aux'.

LaTeX Font Info:    Checking defaults for OML/cmm/m/it on input line 17.
LaTeX Font Info:    ... okay on input line 17.
LaTeX Font Info:    Checking defaults for T1/cmr/m/n on input line 17.
LaTeX Font Info:    ... okay on input line 17.
LaTeX Font Info:    Checking defaults for OT1/cmr/m/n on input line 17.
LaTeX Font Info:    ... okay on input line 17.
LaTeX Font Info:    Checking defaults for OMS/cmsy/m/n on input line 17.
LaTeX Font Info:    ... okay on input line 17.
LaTeX Font Info:    Checking defaults for OMX/cmex/m/n on input line 17.
LaTeX Font Info:    ... okay on input line 17.
LaTeX Font Info:    Checking defaults for U/cmr/m/n on input line 17.
LaTeX Font Info:    ... okay on input line 17.
LaTeX Font Info:    Try loading font information for OT1+ptm on input line 17.
 (/usr/share/texlive/texmf-dist/tex/latex/psnfss/ot1ptm.fd
File: ot1ptm.fd 2001/06/04 font definitions for OT1/ptm.
)
LaTeX Font Info:    Font shape `OT1/ptm/bx/n' in size <14.4> not available
(Font)              Font shape `OT1/ptm/b/n' tried instead on input line 29.
LaTeX Font Info:    Try loading font information for U+msa on input line 29.

(/usr/share/texlive/texmf-dist/tex/latex/amsfonts/umsa.fd
File: umsa.fd 2013/01/14 v3.01 AMS symbols A
)
LaTeX Font Info:    Try loading font information for U+msb on input line 29.

(/usr/share/texlive/texmf-dist/tex/latex/amsfonts/umsb.fd
File: umsb.fd 2013/01/14 v3.01 AMS symbols B
)
LaTeX Font Info:    Font shape `OT1/ptm/bx/n' in size <12> not available
(Font)              Font shape `OT1/ptm/b/n' tried instead on input line 29.
LaTeX Font Info:    Font shape `OT1/ptm/bx/n' in size <10> not available
(Font)              Font shape `OT1/ptm/b/n' tried instead on input line 29.

Overfull \vbox (8.6274pt too high) detected at line 29
 []

LaTeX Font Info:    Try loading font information for OMS+ptm on input line 29.
(/usr/share/texlive/texmf-dist/tex/latex/psnfss/omsptm.fd
File: omsptm.fd 
)
LaTeX Font Info:    Font shape `OMS/ptm/m/n' in size <9> not available
(Font)              Font shape `OMS/cmsy/m/n' tried instead on input line 29.

Underfull \hbox (badness 10000) in paragraph at lines 38--39

 []


Underfull \hbox (badness 10000) in paragraph at lines 40--41

 []

LaTeX Font Info:    Font shape `OT1/ptm/bx/n' in size <10.95> not available
(Font)              Font shape `OT1/ptm/b/n' tried instead on input line 49.

Underfull \hbox (badness 10000) in paragraph at lines 57--58

 []


Underfull \hbox (badness 10000) in paragraph at lines 63--64

 []


Underfull \hbox (badness 10000) in paragraph at lines 65--66

 []


Underfull \hbox (badness 10000) in paragraph at lines 67--68

 []

[1



]
Underfull \hbox (badness 10000) in paragraph at lines 69--70

 []


Underfull \hbox (badness 10000) in paragraph at lines 71--72

 []


LaTeX Warning: File `selected_GP/3056.csv_X.png' not found on input line 77.

File: selected_GP/3056.csv_X.png Graphic file (type eps)
<selected_GP/3056.csv_X.png>
Underfull \hbox (badness 10000) in paragraph at lines 82--83

 []


Underfull \hbox (badness 10000) in paragraph at lines 88--89

 []


Underfull \hbox (badness 10000) in paragraph at lines 90--91

 []


Underfull \hbox (badness 10000) in paragraph at lines 96--97

 []


Underfull \hbox (badness 1082) in paragraph at lines 106--107
\OT1/ptm/m/n/10 The ex-pected value of $\OML/cmm/m/it/10 X[]$\OT1/ptm/m/n/10 , 
is equal to the prob-a-bil-ity
 []


Underfull \hbox (badness 10000) in paragraph at lines 113--114

 []

[2]
Underfull \hbox (badness 2680) in paragraph at lines 123--124
\OT1/ptm/m/n/10 dif-fer-ent de-mo-graph-ics, we ex-per-i-mented with sev-eral
 []


Underfull \hbox (badness 10000) in paragraph at lines 123--124

 []


Underfull \hbox (badness 10000) in paragraph at lines 125--126

 []


Underfull \hbox (badness 10000) in paragraph at lines 127--128

 []


Underfull \hbox (badness 10000) in paragraph at lines 129--130

 []


LaTeX Warning: File `selected_GP/3064.csv_Y.png' not found on input line 135.

File: selected_GP/3064.csv_Y.png Graphic file (type eps)
<selected_GP/3064.csv_Y.png>

LaTeX Warning: `!h' float specifier changed to `!ht'.


Underfull \hbox (badness 10000) in paragraph at lines 142--143

 []


Underfull \hbox (badness 1895) in paragraph at lines 144--145
\OT1/ptm/m/n/10 func-tion as they con-sis-tently out-put ac-cept-able re-sults
 []


Underfull \hbox (badness 10000) in paragraph at lines 144--145

 []


Underfull \hbox (badness 10000) in paragraph at lines 146--147

 []


Underfull \hbox (badness 2894) in paragraph at lines 148--149
\OT1/ptm/m/n/10 in-clud-ing Stochas-tic Vari-ance Gaus-sian Pro-cesses and
 []


Underfull \hbox (badness 10000) in paragraph at lines 148--149

 []


Underfull \hbox (badness 1028) in paragraph at lines 150--151
\OT1/ptm/m/n/10 (and in-te-grate over). How-ever, an is-sue with Carte-sian
 []


Underfull \hbox (badness 10000) in paragraph at lines 150--151

 []

[3]

LaTeX Warning: File `openspace1.png' not found on input line 156.

File: openspace1.png Graphic file (type bmp)
<openspace1.png>

LaTeX Warning: File `openspace2.png' not found on input line 163.

File: openspace2.png Graphic file (type bmp)
<openspace2.png>
Underfull \hbox (badness 10000) in paragraph at lines 170--171

 []


Underfull \hbox (badness 10000) in paragraph at lines 172--173

 []


LaTeX Warning: File `shortestpaths.png' not found on input line 178.

File: shortestpaths.png Graphic file (type bmp)
<shortestpaths.png>

LaTeX Warning: `!h' float specifier changed to `!ht'.


Underfull \hbox (badness 10000) in paragraph at lines 183--184

 []


Underfull \hbox (badness 10000) in paragraph at lines 193--194

 []


Underfull \hbox (badness 10000) in paragraph at lines 195--196

 []


LaTeX Warning: File `positiondata.png' not found on input line 199.

File: positiondata.png Graphic file (type bmp)
<positiondata.png>
Underfull \hbox (badness 10000) in paragraph at lines 204--205

 []

[4]
Underfull \hbox (badness 1112) in paragraph at lines 210--211
\OT1/ptm/m/n/10 In the ex-per-i-ment, the con-fer-ence area is di-vided into
 []


Underfull \hbox (badness 10000) in paragraph at lines 210--211

 []


Underfull \hbox (badness 10000) in paragraph at lines 212--213

 []


Underfull \hbox (badness 10000) in paragraph at lines 214--215

 []


Underfull \hbox (badness 10000) in paragraph at lines 216--217

 []


LaTeX Warning: File `selected_renders/0_1216437924.png' not found on input line
 222.

File: selected_renders/0_1216437924.png Graphic file (type bmp)
<selected_renders/0_1216437924.png>

LaTeX Warning: File `selected_renders/0_1216437924p.png' not found on input lin
e 229.

File: selected_renders/0_1216437924p.png Graphic file (type bmp)
<selected_renders/0_1216437924p.png>

LaTeX Warning: `!h' float specifier changed to `!ht'.


LaTeX Warning: File `selected_renders/1_1216440525.png' not found on input line
 236.

File: selected_renders/1_1216440525.png Graphic file (type bmp)
<selected_renders/1_1216440525.png>

LaTeX Warning: `!h' float specifier changed to `!ht'.


LaTeX Warning: File `selected_renders/1_1216440525p.png' not found on input lin
e 243.

File: selected_renders/1_1216440525p.png Graphic file (type bmp)
<selected_renders/1_1216440525p.png>

LaTeX Warning: `!h' float specifier changed to `!ht'.


Underfull \hbox (badness 10000) in paragraph at lines 248--249

 []

LaTeX Font Info:    Font shape `OMS/ptm/m/n' in size <10> not available
(Font)              Font shape `OMS/cmsy/m/n' tried instead on input line 259.

Underfull \vbox (badness 1762) has occurred while \output is active []

 [5]
Missing character: There is no â in font ptmr7t!
Missing character: There is no € in font ptmr7t!
Missing character: There is no “ in font ptmr7t!

Underfull \hbox (badness 5446) in paragraph at lines 275--277
[]\OT1/ptm/m/n/10 Marco A. F. Pi-mentel, David A. Clifton, Li-onel
 []


Underfull \hbox (badness 2050) in paragraph at lines 275--277
\OT1/ptm/m/n/10 Tarassenko, `` Gaus-sian Pro-cess Clus-ter-ing For The
 []


Underfull \hbox (badness 2269) in paragraph at lines 275--277
\OT1/ptm/m/n/10 in \OT1/ptm/m/it/10 2013 IEEE In-ter-na-tional Work-shop On Ma-
chine
 []


Underfull \hbox (badness 1383) in paragraph at lines 275--277
\OT1/ptm/m/it/10 Learn-ing For Sig-nal Pro-cess-ing\OT1/ptm/m/n/10 , SEPT. 2225
, 2013,
 []


Underfull \hbox (badness 10000) in paragraph at lines 275--277

 []


Underfull \hbox (badness 10000) in paragraph at lines 277--279

 []


Underfull \hbox (badness 10000) in paragraph at lines 279--280

 []

[6

] (./full.aux)

LaTeX Warning: There were multiply-defined labels.

 ) 
Here is how much of TeX's memory you used:
 1578 strings out of 494954
 18691 string characters out of 6181003
 77372 words of memory out of 5000000
 4848 multiletter control sequences out of 15000+600000
 14524 words of font info for 44 fonts, out of 8000000 for 9000
 14 hyphenation exceptions out of 8191
 27i,10n,24p,553b,249s stack positions out of 5000i,500n,10000p,200000b,80000s

Output written on full.dvi (6 pages, 31072 bytes).
